<?xml version="1.0" encoding="UTF-8"?>
<features name="judo-TEST"
          xmlns="http://karaf.apache.org/xmlns/features/v1.5.0"
          xmlns:xsi="http://www.w3.org/2001/XMLSchema-instance"
          xsi:schemaLocation="http://karaf.apache.org/xmlns/features/v1.5.0 http://karaf.apache.org/xmlns/features/v1.5.0">


    <feature name="test"  version="1" description="Base test features" install="true">
        <feature prerequisite="true">wrap</feature>
        <feature prerequisite="true">scr</feature>

    </feature>
</features>
